\BOOKMARK [0][-]{section*.1}{\315ndice general}{}% 1
\BOOKMARK [0][-]{section*.2}{\315ndice de figuras}{}% 2
\BOOKMARK [0][-]{appendix.Alph1}{Manuales}{}% 3
\BOOKMARK [1][-]{section.Alph1.1}{Introducci\363n}{appendix.Alph1}% 4
\BOOKMARK [1][-]{section.Alph1.2}{Planificaci\363n temporal}{appendix.Alph1}% 5
\BOOKMARK [1][-]{section.Alph1.3}{Estudio de viabilidad}{appendix.Alph1}% 6
\BOOKMARK [0][-]{appendix.Alph2}{Especificaci\363n de Requisitos}{}% 7
\BOOKMARK [1][-]{section.Alph2.1}{Introducci\363n}{appendix.Alph2}% 8
\BOOKMARK [1][-]{section.Alph2.2}{Objetivos generales}{appendix.Alph2}% 9
\BOOKMARK [1][-]{section.Alph2.3}{Catalogo de requisitos}{appendix.Alph2}% 10
\BOOKMARK [1][-]{section.Alph2.4}{Especificaci\363n de requisitos}{appendix.Alph2}% 11
\BOOKMARK [0][-]{appendix.Alph3}{Especificaci\363n de dise\361o}{}% 12
\BOOKMARK [1][-]{section.Alph3.1}{Introducci\363n}{appendix.Alph3}% 13
\BOOKMARK [1][-]{section.Alph3.2}{Dise\361o de datos}{appendix.Alph3}% 14
\BOOKMARK [1][-]{section.Alph3.3}{Dise\361o procedimental}{appendix.Alph3}% 15
\BOOKMARK [1][-]{section.Alph3.4}{Dise\361o arquitect\363nico}{appendix.Alph3}% 16
\BOOKMARK [0][-]{appendix.Alph4}{Documentaci\363n t\351cnica de programaci\363n}{}% 17
\BOOKMARK [1][-]{section.Alph4.1}{Introducci\363n}{appendix.Alph4}% 18
\BOOKMARK [1][-]{section.Alph4.2}{Estructura de directorios}{appendix.Alph4}% 19
\BOOKMARK [1][-]{section.Alph4.3}{Manual del programador}{appendix.Alph4}% 20
\BOOKMARK [1][-]{section.Alph4.4}{Compilaci\363n, instalaci\363n y ejecuci\363n del proyecto}{appendix.Alph4}% 21
\BOOKMARK [1][-]{section.Alph4.5}{Pruebas del sistema}{appendix.Alph4}% 22
\BOOKMARK [0][-]{appendix.Alph5}{Documentaci\363n de usuario}{}% 23
\BOOKMARK [1][-]{section.Alph5.1}{Introducci\363n}{appendix.Alph5}% 24
\BOOKMARK [1][-]{section.Alph5.2}{Requisitos de usuarios}{appendix.Alph5}% 25
\BOOKMARK [1][-]{section.Alph5.3}{Instalaci\363n}{appendix.Alph5}% 26
\BOOKMARK [1][-]{section.Alph5.4}{Manual del usuario}{appendix.Alph5}% 27
