\BOOKMARK [0][-]{section*.1}{\315ndice general}{}% 1
\BOOKMARK [0][-]{section*.2}{\315ndice de figuras}{}% 2
\BOOKMARK [0][-]{chapter*.3}{Introducci\363n}{}% 3
\BOOKMARK [1][-]{section.1.1}{Gestores de tareas:}{chapter*.3}% 4
\BOOKMARK [1][-]{section.1.2}{Gestores de versiones:}{chapter*.3}% 5
\BOOKMARK [0][-]{chapter*.9}{Objetivos del proyecto}{}% 6
\BOOKMARK [0][-]{chapter*.10}{Conceptos te\363ricos}{}% 7
\BOOKMARK [1][-]{section.3.1}{Espacios de color }{chapter*.10}% 8
\BOOKMARK [1][-]{section.3.2}{Transformada de hough }{chapter*.10}% 9
\BOOKMARK [1][-]{section.3.3}{Skeletonize }{chapter*.10}% 10
\BOOKMARK [1][-]{section.3.4}{Grafos}{chapter*.10}% 11
\BOOKMARK [0][-]{chapter*.27}{T\351cnicas y herramientas}{}% 12
\BOOKMARK [1][-]{section.4.1}{Interfaz gr\341fica de usuario:}{chapter*.27}% 13
\BOOKMARK [0][-]{chapter*.32}{Aspectos relevantes del desarrollo del proyecto}{}% 14
\BOOKMARK [1][-]{section.5.1}{Entorno de desarrollo}{chapter*.32}% 15
\BOOKMARK [1][-]{section.5.2}{Procesado imagen}{chapter*.32}% 16
\BOOKMARK [1][-]{section.5.3}{Interfaz}{chapter*.32}% 17
\BOOKMARK [0][-]{chapter*.58}{Trabajos relacionados}{}% 18
\BOOKMARK [0][-]{chapter*.59}{Conclusiones y L\355neas de trabajo futuras}{}% 19
\BOOKMARK [0][-]{section*.61}{Bibliograf\355a}{}% 20
